[14:59:51] ---- BEAUTYQUESTS LOGGER - OPENED Wed Sep 20 14:59:51 YEKT 2023 ----
[15:00:04] [INFO] [BeautyQuests] Enabling BeautyQuests v0.20.1
[15:00:04] [INFO] [BeautyQuests] ------------ BeautyQuests ------------
[15:00:04] [WARNING] [BeautyQuests] You are not running the Paper software.
It is highly recommended to use it for extended features and more stability.
[15:00:04] [DEBUG] Hooked into [Citizens] v2.0.32-SNAPSHOT (build 3205)
[15:00:04] [DEBUG] Hooked into [WorldGuard] v7.0.5+3827266
[15:00:04] [DEBUG] Hooked into [Sentinel] v2.8.0-SNAPSHOT (build 508)
[15:00:04] [DEBUG] Hooked into [Vault] v1.7.3-b131
[15:00:04] [DEBUG] Hooked into [PlaceholderAPI] v2.11.3
[15:00:04] [DEBUG] Hooked into [HolographicDisplays] v3.0.3
[15:00:04] [INFO] [BeautyQuests] Loaded valid Minecraft version 1_16_R3.
[15:00:04] [DEBUG] Loading data file, last time edited : Wed Sep 20 14:20:04 YEKT 2023
[15:00:04] [DEBUG] Unavailable string in config for key inv.mobSelect.advancedSpawners
[15:00:04] [INFO] [BeautyQuests] Loaded language en_US (0.018s)!
[15:00:04] [INFO] [BeautyQuests] Loaded start particles: REDSTONE in shape POINT with color R255 G255 B0
[15:00:04] [INFO] [BeautyQuests] Loaded talk particles: VILLAGER_HAPPY in shape BAR
[15:00:04] [INFO] [BeautyQuests] Loaded next particles: SMOKE_NORMAL in shape SPOT
[15:00:04] [DEBUG] Initlializing default stage types.
[15:00:04] [DEBUG] Stage registered (Talk, 0)
[15:00:04] [DEBUG] Stage registered (Items, 1)
[15:00:04] [DEBUG] Stage registered (Mobs, 2)
[15:00:04] [DEBUG] Stage registered (Mine, 3)
[15:00:04] [DEBUG] Stage registered (Place, 4)
[15:00:04] [DEBUG] Stage registered (Chat, 5)
[15:00:04] [DEBUG] Stage registered (Interact, 6)
[15:00:04] [DEBUG] Stage registered (Fish, 7)
[15:00:04] [DEBUG] Stage registered (Melt, 8)
[15:00:04] [DEBUG] Stage registered (Enchant, 9)
[15:00:04] [DEBUG] Stage registered (Craft, 10)
[15:00:04] [DEBUG] Stage registered (Bucket, 11)
[15:00:04] [DEBUG] Stage registered (Location, 12)
[15:00:04] [DEBUG] Stage registered (PlayTime, 13)
[15:00:04] [DEBUG] Stage registered (Breed, 14)
[15:00:04] [DEBUG] Stage registered (Tame, 15)
[15:00:04] [DEBUG] Stage registered (Death, 16)
[15:00:04] [DEBUG] Stage registered (DealDamage, 17)
[15:00:04] [DEBUG] Stage registered (EatDrink, 18)
[15:00:04] [DEBUG] Initlializing default rewards.
[15:00:04] [DEBUG] Quest object registered in registry rewards (id: commandReward, class: fr.skytasul.quests.rewards.CommandReward)
[15:00:04] [DEBUG] Quest object registered in registry rewards (id: itemReward, class: fr.skytasul.quests.rewards.ItemReward)
[15:00:04] [DEBUG] Quest object registered in registry rewards (id: removeItemsReward, class: fr.skytasul.quests.rewards.RemoveItemsReward)
[15:00:04] [DEBUG] Quest object registered in registry rewards (id: textReward, class: fr.skytasul.quests.rewards.MessageReward)
[15:00:04] [DEBUG] Quest object registered in registry rewards (id: tpReward, class: fr.skytasul.quests.rewards.TeleportationReward)
[15:00:04] [DEBUG] Quest object registered in registry rewards (id: expReward, class: fr.skytasul.quests.rewards.XPReward)
[15:00:04] [DEBUG] Quest object registered in registry rewards (id: checkpointReward, class: fr.skytasul.quests.rewards.CheckpointReward)
[15:00:04] [DEBUG] Quest object registered in registry rewards (id: questStopReward, class: fr.skytasul.quests.rewards.QuestStopReward)
[15:00:04] [DEBUG] Quest object registered in registry rewards (id: requirementDependentReward, class: fr.skytasul.quests.rewards.RequirementDependentReward)
[15:00:04] [DEBUG] Quest object registered in registry rewards (id: randomReward, class: fr.skytasul.quests.rewards.RandomReward)
[15:00:04] [DEBUG] Quest object registered in registry rewards (id: wait, class: fr.skytasul.quests.rewards.WaitReward)
[15:00:04] [DEBUG] Quest object registered in registry rewards (id: titleReward, class: fr.skytasul.quests.rewards.TitleReward)
[15:00:04] [DEBUG] Initlializing default requirements.
[15:00:04] [DEBUG] Quest object registered in registry requirements (id: logicalOr, class: fr.skytasul.quests.requirements.logical.LogicalOrRequirement)
[15:00:05] [DEBUG] Quest object registered in registry requirements (id: questRequired, class: fr.skytasul.quests.requirements.QuestRequirement)
[15:00:05] [DEBUG] Quest object registered in registry requirements (id: levelRequired, class: fr.skytasul.quests.requirements.LevelRequirement)
[15:00:05] [DEBUG] Quest object registered in registry requirements (id: permissionRequired, class: fr.skytasul.quests.requirements.PermissionsRequirement)
[15:00:05] [DEBUG] Quest object registered in registry requirements (id: scoreboardRequired, class: fr.skytasul.quests.requirements.ScoreboardRequirement)
[15:00:05] [DEBUG] Quest object registered in registry requirements (id: equipmentRequired, class: fr.skytasul.quests.requirements.EquipmentRequirement)
[15:00:05] [DEBUG] Initlializing default quest options.
[15:00:05] [DEBUG] Quest option registered (id: pool)
[15:00:05] [DEBUG] Quest option registered (id: name)
[15:00:05] [DEBUG] Quest option registered (id: description)
[15:00:05] [DEBUG] Quest option registered (id: customItem)
[15:00:05] [DEBUG] Quest option registered (id: confirmMessage)
[15:00:05] [DEBUG] Quest option registered (id: hologramText)
[15:00:05] [DEBUG] Quest option registered (id: bypassLimit)
[15:00:05] [DEBUG] Quest option registered (id: startableFromGUI)
[15:00:05] [DEBUG] Quest option registered (id: failOnDeath)
[15:00:05] [DEBUG] Quest option registered (id: cancellable)
[15:00:05] [DEBUG] Quest option registered (id: cancelActions)
[15:00:05] [DEBUG] Quest option registered (id: hologramLaunch)
[15:00:05] [DEBUG] Quest option registered (id: hologramLaunchNo)
[15:00:05] [DEBUG] Quest option registered (id: scoreboard)
[15:00:05] [DEBUG] Quest option registered (id: hideNoRequirements)
[15:00:05] [DEBUG] Quest option registered (id: auto)
[15:00:05] [DEBUG] Quest option registered (id: repeatable)
[15:00:05] [DEBUG] Quest option registered (id: timer)
[15:00:05] [DEBUG] Quest option registered (id: visibility)
[15:00:05] [DEBUG] Quest option registered (id: endSound)
[15:00:05] [DEBUG] Quest option registered (id: firework)
[15:00:05] [DEBUG] Quest option registered (id: requirements)
[15:00:05] [DEBUG] Quest option registered (id: startRewards)
[15:00:05] [DEBUG] Quest option registered (id: startMessage)
[15:00:05] [DEBUG] Quest option registered (id: starterNPC)
[15:00:05] [DEBUG] Quest option registered (id: startDialog)
[15:00:05] [DEBUG] Quest option registered (id: endRewards)
[15:00:05] [DEBUG] Quest option registered (id: endMsg)
[15:00:05] [DEBUG] Item comparison registered (id: bukkit)
[15:00:05] [DEBUG] Item comparison registered (id: customBukkit)
[15:00:05] [DEBUG] Item comparison registered (id: material)
[15:00:05] [DEBUG] Item comparison registered (id: name)
[15:00:05] [DEBUG] Item comparison registered (id: lore)
[15:00:05] [DEBUG] Item comparison registered (id: enchants)
[15:00:05] [DEBUG] Item comparison registered (id: repair)
[15:00:05] [DEBUG] Mob factory registered (id: bukkitEntity)
[15:00:05] [DEBUG] Bossbars manager has been registered: fr.skytasul.quests.api.bossbar.BQBossBarImplementation
[15:00:06] [DEBUG] Brigadier registered!
[15:00:06] [DEBUG] Mob factory registered (id: citizensNPC)
[15:00:06] [DEBUG] Now using WorldGuard entry API.
[15:00:06] [DEBUG] Stage registered (Find, 19)
[15:00:06] [DEBUG] Quest object registered in registry requirements (id: regionRequired, class: fr.skytasul.quests.requirements.RegionRequirement)
[15:00:06] [DEBUG] Quest object registered in registry rewards (id: moneyReward, class: fr.skytasul.quests.rewards.MoneyReward)
[15:00:06] [DEBUG] Quest object registered in registry rewards (id: permReward, class: fr.skytasul.quests.rewards.PermissionReward)
[15:00:06] [DEBUG] Quest object registered in registry requirements (id: moneyRequired, class: fr.skytasul.quests.requirements.MoneyRequirement)
[15:00:06] [INFO] [BeautyQuests] Placeholders registered !
[15:00:06] [DEBUG] Quest object registered in registry requirements (id: placeholderRequired, class: fr.skytasul.quests.requirements.PlaceholderRequirement)
[15:00:06] [DEBUG] Holograms manager has been registered: fr.skytasul.quests.utils.compatibility.BQHolographicDisplays3
[15:00:06] [DEBUG] Started bStats metrics
[15:00:06] [DEBUG] Starting Spigot updater
[15:00:06] [DEBUG] Hooked into [MythicMobs] v4.12.0-FREE after primary initialization
[15:00:06] [DEBUG] Mob factory registered (id: mythicMobs)
[15:00:12] [DEBUG] 0 accounts loaded and 1 identifiers.
[15:00:12] [DEBUG] Registered 5 lines in scoreboard
[15:00:12] [INFO] [BeautyQuests] 0 quests loaded (0.01s)!
[15:00:12] [INFO] [BeautyQuests] Periodic saves task started (18000 ticks). Task ID: 3266
[15:00:12] [INFO] [BeautyQuests] You are using the latest version of BeautyQuests.
