[23-09-20 14:01:23] [INFO] [DEBUG] onEnable start -> 1695200483406

[23-09-20 14:01:23] [INFO] Using Economy Provider: com.earth2me.essentials.economy.vault.VaultEconomyProvider
[23-09-20 14:01:23] [INFO] [DEBUG] Starting load of Config at 1695200483436
[23-09-20 14:01:23] [INFO] [DEBUG] Config has been loaded. (took 4ms)
[23-09-20 14:01:23] [INFO] [DEBUG] Starting load of Lang at 1695200483440
[23-09-20 14:01:23] [INFO] [DEBUG] Lang has been loaded. (took 8ms)
[23-09-20 14:01:23] [INFO] [DEBUG] Starting load of UserManagerImpl at 1695200483448
[23-09-20 14:01:23] [INFO] [DEBUG] UserManagerImpl has been loaded. (took 1ms)
[23-09-20 14:01:23] [INFO] [DEBUG] Starting load of GuiListener at 1695200483449
[23-09-20 14:01:23] [INFO] [DEBUG] GuiListener has been loaded. (took 0ms)
[23-09-20 14:01:23] [INFO] [DEBUG] Starting load of KitManagerImpl at 1695200483449
[23-09-20 14:01:23] [INFO] KitManagerImpl: Loaded 0 kit(s).
[23-09-20 14:01:23] [INFO] [DEBUG] KitManagerImpl has been loaded. (took 6ms)
[23-09-20 14:01:23] [INFO] [DEBUG] Starting load of ArenaManagerImpl at 1695200483455
[23-09-20 14:01:23] [INFO] ArenaManagerImpl: Loaded 0 arena(s).
[23-09-20 14:01:23] [INFO] [DEBUG] ArenaManagerImpl has been loaded. (took 1ms)
[23-09-20 14:01:23] [INFO] [DEBUG] Starting load of SettingsManager at 1695200483456
[23-09-20 14:01:23] [INFO] [DEBUG] SettingsManager has been loaded. (took 0ms)
[23-09-20 14:01:23] [INFO] [DEBUG] Starting load of PlayerInfoManager at 1695200483456
[23-09-20 14:01:23] [WARNING] PlayerInfoManager: Lobby location was not set, using world's spawn location as default. Use the command /duels setlobby in-game to set the lobby location.
[23-09-20 14:01:23] [INFO] [DEBUG] PlayerInfoManager has been loaded. (took 0ms)
[23-09-20 14:01:23] [INFO] [DEBUG] Starting load of SpectateManagerImpl at 1695200483456
[23-09-20 14:01:23] [INFO] [DEBUG] SpectateManagerImpl has been loaded. (took 0ms)
[23-09-20 14:01:23] [INFO] [DEBUG] Starting load of BettingManager at 1695200483456
[23-09-20 14:01:23] [INFO] [DEBUG] BettingManager has been loaded. (took 0ms)
[23-09-20 14:01:23] [INFO] [DEBUG] Starting load of InventoryManager at 1695200483456
[23-09-20 14:01:23] [INFO] [DEBUG] InventoryManager has been loaded. (took 0ms)
[23-09-20 14:01:23] [INFO] [DEBUG] Starting load of DuelManager at 1695200483456
[23-09-20 14:01:23] [INFO] [DEBUG] DuelManager has been loaded. (took 0ms)
[23-09-20 14:01:23] [INFO] [DEBUG] Starting load of QueueManager at 1695200483456
[23-09-20 14:01:23] [INFO] QueueManager: Loaded 0 queue(s).
[23-09-20 14:01:23] [INFO] [DEBUG] QueueManager has been loaded. (took 1ms)
[23-09-20 14:01:23] [INFO] [DEBUG] Starting load of QueueSignManagerImpl at 1695200483457
[23-09-20 14:01:23] [INFO] QueueSignManagerImpl: Loaded 0 queue sign(s).
[23-09-20 14:01:23] [INFO] [DEBUG] QueueSignManagerImpl has been loaded. (took 0ms)
[23-09-20 14:01:23] [INFO] [DEBUG] Starting load of RequestManager at 1695200483457
[23-09-20 14:01:23] [INFO] [DEBUG] RequestManager has been loaded. (took 0ms)
[23-09-20 14:01:23] [INFO] [DEBUG] Starting load of Teleport at 1695200483457
[23-09-20 14:01:23] [INFO] [DEBUG] Teleport has been loaded. (took 1ms)
[23-09-20 14:01:23] [INFO] [DEBUG] Starting load of ExtensionManager at 1695200483458
[23-09-20 14:01:23] [INFO] [DEBUG] ExtensionManager has been loaded. (took 0ms)
[23-09-20 14:05:21] [INFO] [DEBUG] onEnable start -> 1695200721783

[23-09-20 14:05:21] [INFO] Using Economy Provider: com.earth2me.essentials.economy.vault.VaultEconomyProvider
[23-09-20 14:05:21] [INFO] [DEBUG] Starting load of Config at 1695200721814
[23-09-20 14:05:21] [INFO] [DEBUG] Config has been loaded. (took 3ms)
[23-09-20 14:05:21] [INFO] [DEBUG] Starting load of Lang at 1695200721817
[23-09-20 14:05:21] [INFO] [DEBUG] Lang has been loaded. (took 6ms)
[23-09-20 14:05:21] [INFO] [DEBUG] Starting load of UserManagerImpl at 1695200721823
[23-09-20 14:05:21] [INFO] [DEBUG] UserManagerImpl has been loaded. (took 1ms)
[23-09-20 14:05:21] [INFO] [DEBUG] Starting load of GuiListener at 1695200721824
[23-09-20 14:05:21] [INFO] [DEBUG] GuiListener has been loaded. (took 0ms)
[23-09-20 14:05:21] [INFO] [DEBUG] Starting load of KitManagerImpl at 1695200721824
[23-09-20 14:05:21] [INFO] KitManagerImpl: Loaded 0 kit(s).
[23-09-20 14:05:21] [INFO] [DEBUG] KitManagerImpl has been loaded. (took 6ms)
[23-09-20 14:05:21] [INFO] [DEBUG] Starting load of ArenaManagerImpl at 1695200721830
[23-09-20 14:05:21] [INFO] ArenaManagerImpl: Loaded 0 arena(s).
[23-09-20 14:05:21] [INFO] [DEBUG] ArenaManagerImpl has been loaded. (took 0ms)
[23-09-20 14:05:21] [INFO] [DEBUG] Starting load of SettingsManager at 1695200721830
[23-09-20 14:05:21] [INFO] [DEBUG] SettingsManager has been loaded. (took 0ms)
[23-09-20 14:05:21] [INFO] [DEBUG] Starting load of PlayerInfoManager at 1695200721830
[23-09-20 14:05:21] [WARNING] PlayerInfoManager: Lobby location was not set, using world's spawn location as default. Use the command /duels setlobby in-game to set the lobby location.
[23-09-20 14:05:21] [INFO] [DEBUG] PlayerInfoManager has been loaded. (took 1ms)
[23-09-20 14:05:21] [INFO] [DEBUG] Starting load of SpectateManagerImpl at 1695200721831
[23-09-20 14:05:21] [INFO] [DEBUG] SpectateManagerImpl has been loaded. (took 0ms)
[23-09-20 14:05:21] [INFO] [DEBUG] Starting load of BettingManager at 1695200721831
[23-09-20 14:05:21] [INFO] [DEBUG] BettingManager has been loaded. (took 0ms)
[23-09-20 14:05:21] [INFO] [DEBUG] Starting load of InventoryManager at 1695200721831
[23-09-20 14:05:21] [INFO] [DEBUG] InventoryManager has been loaded. (took 0ms)
[23-09-20 14:05:21] [INFO] [DEBUG] Starting load of DuelManager at 1695200721831
[23-09-20 14:05:21] [INFO] [DEBUG] DuelManager has been loaded. (took 0ms)
[23-09-20 14:05:21] [INFO] [DEBUG] Starting load of QueueManager at 1695200721831
[23-09-20 14:05:21] [INFO] QueueManager: Loaded 0 queue(s).
[23-09-20 14:05:21] [INFO] [DEBUG] QueueManager has been loaded. (took 1ms)
[23-09-20 14:05:21] [INFO] [DEBUG] Starting load of QueueSignManagerImpl at 1695200721832
[23-09-20 14:05:21] [INFO] QueueSignManagerImpl: Loaded 0 queue sign(s).
[23-09-20 14:05:21] [INFO] [DEBUG] QueueSignManagerImpl has been loaded. (took 0ms)
[23-09-20 14:05:21] [INFO] [DEBUG] Starting load of RequestManager at 1695200721832
[23-09-20 14:05:21] [INFO] [DEBUG] RequestManager has been loaded. (took 0ms)
[23-09-20 14:05:21] [INFO] [DEBUG] Starting load of Teleport at 1695200721832
[23-09-20 14:05:21] [INFO] [DEBUG] Teleport has been loaded. (took 0ms)
[23-09-20 14:05:21] [INFO] [DEBUG] Starting load of ExtensionManager at 1695200721832
[23-09-20 14:05:21] [INFO] [DEBUG] ExtensionManager has been loaded. (took 1ms)
[23-09-20 14:05:35] [INFO] No updates were available. You are on the latest version!
[23-09-20 14:10:40] [INFO] [DEBUG] onDisable start -> 1695201040151

[23-09-20 14:10:40] [INFO] [DEBUG] Starting unload of ExtensionManager at 1695201040153
[23-09-20 14:10:40] [INFO] [DEBUG] ExtensionManager has been unloaded. (took 0ms)
[23-09-20 14:10:40] [INFO] [DEBUG] Starting unload of Teleport at 1695201040153
[23-09-20 14:10:40] [INFO] [DEBUG] Teleport has been unloaded. (took 0ms)
[23-09-20 14:10:40] [INFO] [DEBUG] Starting unload of RequestManager at 1695201040153
[23-09-20 14:10:40] [INFO] [DEBUG] RequestManager has been unloaded. (took 0ms)
[23-09-20 14:10:40] [INFO] [DEBUG] Starting unload of QueueSignManagerImpl at 1695201040153
[23-09-20 14:10:40] [INFO] [DEBUG] QueueSignManagerImpl has been unloaded. (took 0ms)
[23-09-20 14:10:40] [INFO] [DEBUG] Starting unload of QueueManager at 1695201040153
[23-09-20 14:10:40] [INFO] [DEBUG] QueueManager has been unloaded. (took 0ms)
[23-09-20 14:10:40] [INFO] [DEBUG] Starting unload of DuelManager at 1695201040153
[23-09-20 14:10:40] [INFO] [DEBUG] DuelManager has been unloaded. (took 0ms)
[23-09-20 14:10:40] [INFO] [DEBUG] Starting unload of InventoryManager at 1695201040153
[23-09-20 14:10:40] [INFO] [DEBUG] InventoryManager has been unloaded. (took 0ms)
[23-09-20 14:10:40] [INFO] [DEBUG] Starting unload of BettingManager at 1695201040153
[23-09-20 14:10:40] [INFO] [DEBUG] BettingManager has been unloaded. (took 0ms)
[23-09-20 14:10:40] [INFO] [DEBUG] Starting unload of SpectateManagerImpl at 1695201040153
[23-09-20 14:10:40] [INFO] [DEBUG] SpectateManagerImpl has been unloaded. (took 0ms)
[23-09-20 14:10:40] [INFO] [DEBUG] Starting unload of PlayerInfoManager at 1695201040153
[23-09-20 14:10:40] [INFO] [DEBUG] PlayerInfoManager has been unloaded. (took 0ms)
[23-09-20 14:10:40] [INFO] [DEBUG] Starting unload of SettingsManager at 1695201040153
[23-09-20 14:10:40] [INFO] [DEBUG] SettingsManager has been unloaded. (took 0ms)
[23-09-20 14:10:40] [INFO] [DEBUG] Starting unload of ArenaManagerImpl at 1695201040154
[23-09-20 14:10:40] [INFO] [DEBUG] ArenaManagerImpl has been unloaded. (took 0ms)
[23-09-20 14:10:40] [INFO] [DEBUG] Starting unload of KitManagerImpl at 1695201040154
[23-09-20 14:10:40] [INFO] [DEBUG] KitManagerImpl has been unloaded. (took 0ms)
[23-09-20 14:10:40] [INFO] [DEBUG] Starting unload of GuiListener at 1695201040154
[23-09-20 14:10:40] [INFO] [DEBUG] GuiListener has been unloaded. (took 0ms)
[23-09-20 14:10:40] [INFO] [DEBUG] Starting unload of UserManagerImpl at 1695201040154
[23-09-20 14:10:40] [INFO] [DEBUG] UserManagerImpl has been unloaded. (took 0ms)
[23-09-20 14:10:40] [INFO] [DEBUG] Starting unload of Lang at 1695201040154
[23-09-20 14:10:40] [INFO] [DEBUG] Lang has been unloaded. (took 0ms)
[23-09-20 14:10:40] [INFO] [DEBUG] Starting unload of Config at 1695201040154
[23-09-20 14:10:40] [INFO] [DEBUG] Config has been unloaded. (took 0ms)
[23-09-20 14:10:40] [INFO] [DEBUG] unload done (took 3ms)
[23-09-20 14:10:40] [INFO] [DEBUG] Log#clearSources done (took 0ms)
[23-09-20 14:10:44] [INFO] [DEBUG] onEnable start -> 1695201044761

[23-09-20 14:10:44] [INFO] Using Economy Provider: com.earth2me.essentials.economy.vault.VaultEconomyProvider
[23-09-20 14:10:44] [INFO] [DEBUG] Starting load of Config at 1695201044790
[23-09-20 14:10:44] [INFO] [DEBUG] Config has been loaded. (took 3ms)
[23-09-20 14:10:44] [INFO] [DEBUG] Starting load of Lang at 1695201044793
[23-09-20 14:10:44] [INFO] [DEBUG] Lang has been loaded. (took 5ms)
[23-09-20 14:10:44] [INFO] [DEBUG] Starting load of UserManagerImpl at 1695201044798
[23-09-20 14:10:44] [INFO] [DEBUG] UserManagerImpl has been loaded. (took 1ms)
[23-09-20 14:10:44] [INFO] [DEBUG] Starting load of GuiListener at 1695201044799
[23-09-20 14:10:44] [INFO] [DEBUG] GuiListener has been loaded. (took 0ms)
[23-09-20 14:10:44] [INFO] [DEBUG] Starting load of KitManagerImpl at 1695201044799
[23-09-20 14:10:44] [INFO] KitManagerImpl: Loaded 0 kit(s).
[23-09-20 14:10:44] [INFO] [DEBUG] KitManagerImpl has been loaded. (took 3ms)
[23-09-20 14:10:44] [INFO] [DEBUG] Starting load of ArenaManagerImpl at 1695201044802
[23-09-20 14:10:44] [INFO] ArenaManagerImpl: Loaded 0 arena(s).
[23-09-20 14:10:44] [INFO] [DEBUG] ArenaManagerImpl has been loaded. (took 1ms)
[23-09-20 14:10:44] [INFO] [DEBUG] Starting load of SettingsManager at 1695201044803
[23-09-20 14:10:44] [INFO] [DEBUG] SettingsManager has been loaded. (took 0ms)
[23-09-20 14:10:44] [INFO] [DEBUG] Starting load of PlayerInfoManager at 1695201044803
[23-09-20 14:10:44] [WARNING] PlayerInfoManager: Lobby location was not set, using world's spawn location as default. Use the command /duels setlobby in-game to set the lobby location.
[23-09-20 14:10:44] [INFO] [DEBUG] PlayerInfoManager has been loaded. (took 0ms)
[23-09-20 14:10:44] [INFO] [DEBUG] Starting load of SpectateManagerImpl at 1695201044803
[23-09-20 14:10:44] [INFO] [DEBUG] SpectateManagerImpl has been loaded. (took 0ms)
[23-09-20 14:10:44] [INFO] [DEBUG] Starting load of BettingManager at 1695201044803
[23-09-20 14:10:44] [INFO] [DEBUG] BettingManager has been loaded. (took 0ms)
[23-09-20 14:10:44] [INFO] [DEBUG] Starting load of InventoryManager at 1695201044803
[23-09-20 14:10:44] [INFO] [DEBUG] InventoryManager has been loaded. (took 0ms)
[23-09-20 14:10:44] [INFO] [DEBUG] Starting load of DuelManager at 1695201044803
[23-09-20 14:10:44] [INFO] [DEBUG] DuelManager has been loaded. (took 0ms)
[23-09-20 14:10:44] [INFO] [DEBUG] Starting load of QueueManager at 1695201044803
[23-09-20 14:10:44] [INFO] QueueManager: Loaded 0 queue(s).
[23-09-20 14:10:44] [INFO] [DEBUG] QueueManager has been loaded. (took 1ms)
[23-09-20 14:10:44] [INFO] [DEBUG] Starting load of QueueSignManagerImpl at 1695201044804
[23-09-20 14:10:44] [INFO] QueueSignManagerImpl: Loaded 0 queue sign(s).
[23-09-20 14:10:44] [INFO] [DEBUG] QueueSignManagerImpl has been loaded. (took 0ms)
[23-09-20 14:10:44] [INFO] [DEBUG] Starting load of RequestManager at 1695201044804
[23-09-20 14:10:44] [INFO] [DEBUG] RequestManager has been loaded. (took 0ms)
[23-09-20 14:10:44] [INFO] [DEBUG] Starting load of Teleport at 1695201044804
[23-09-20 14:10:44] [INFO] [DEBUG] Teleport has been loaded. (took 0ms)
[23-09-20 14:10:44] [INFO] [DEBUG] Starting load of ExtensionManager at 1695201044804
[23-09-20 14:10:44] [INFO] [DEBUG] ExtensionManager has been loaded. (took 0ms)
[23-09-20 14:10:57] [INFO] No updates were available. You are on the latest version!
[23-09-20 14:20:04] [INFO] [DEBUG] onDisable start -> 1695201604993

[23-09-20 14:20:04] [INFO] [DEBUG] Starting unload of ExtensionManager at 1695201604994
[23-09-20 14:20:04] [INFO] [DEBUG] ExtensionManager has been unloaded. (took 0ms)
[23-09-20 14:20:04] [INFO] [DEBUG] Starting unload of Teleport at 1695201604994
[23-09-20 14:20:04] [INFO] [DEBUG] Teleport has been unloaded. (took 0ms)
[23-09-20 14:20:04] [INFO] [DEBUG] Starting unload of RequestManager at 1695201604994
[23-09-20 14:20:04] [INFO] [DEBUG] RequestManager has been unloaded. (took 0ms)
[23-09-20 14:20:04] [INFO] [DEBUG] Starting unload of QueueSignManagerImpl at 1695201604995
[23-09-20 14:20:04] [INFO] [DEBUG] QueueSignManagerImpl has been unloaded. (took 0ms)
[23-09-20 14:20:04] [INFO] [DEBUG] Starting unload of QueueManager at 1695201604995
[23-09-20 14:20:04] [INFO] [DEBUG] QueueManager has been unloaded. (took 0ms)
[23-09-20 14:20:04] [INFO] [DEBUG] Starting unload of DuelManager at 1695201604995
[23-09-20 14:20:04] [INFO] [DEBUG] DuelManager has been unloaded. (took 0ms)
[23-09-20 14:20:04] [INFO] [DEBUG] Starting unload of InventoryManager at 1695201604995
[23-09-20 14:20:04] [INFO] [DEBUG] InventoryManager has been unloaded. (took 0ms)
[23-09-20 14:20:04] [INFO] [DEBUG] Starting unload of BettingManager at 1695201604995
[23-09-20 14:20:04] [INFO] [DEBUG] BettingManager has been unloaded. (took 0ms)
[23-09-20 14:20:04] [INFO] [DEBUG] Starting unload of SpectateManagerImpl at 1695201604995
[23-09-20 14:20:04] [INFO] [DEBUG] SpectateManagerImpl has been unloaded. (took 0ms)
[23-09-20 14:20:04] [INFO] [DEBUG] Starting unload of PlayerInfoManager at 1695201604995
[23-09-20 14:20:04] [INFO] [DEBUG] PlayerInfoManager has been unloaded. (took 0ms)
[23-09-20 14:20:04] [INFO] [DEBUG] Starting unload of SettingsManager at 1695201604995
[23-09-20 14:20:04] [INFO] [DEBUG] SettingsManager has been unloaded. (took 0ms)
[23-09-20 14:20:04] [INFO] [DEBUG] Starting unload of ArenaManagerImpl at 1695201604995
[23-09-20 14:20:04] [INFO] [DEBUG] ArenaManagerImpl has been unloaded. (took 0ms)
[23-09-20 14:20:04] [INFO] [DEBUG] Starting unload of KitManagerImpl at 1695201604995
[23-09-20 14:20:04] [INFO] [DEBUG] KitManagerImpl has been unloaded. (took 0ms)
[23-09-20 14:20:04] [INFO] [DEBUG] Starting unload of GuiListener at 1695201604995
[23-09-20 14:20:04] [INFO] [DEBUG] GuiListener has been unloaded. (took 0ms)
[23-09-20 14:20:04] [INFO] [DEBUG] Starting unload of UserManagerImpl at 1695201604995
[23-09-20 14:20:05] [INFO] [DEBUG] UserManagerImpl has been unloaded. (took 14ms)
[23-09-20 14:20:05] [INFO] [DEBUG] Starting unload of Lang at 1695201605009
[23-09-20 14:20:05] [INFO] [DEBUG] Lang has been unloaded. (took 0ms)
[23-09-20 14:20:05] [INFO] [DEBUG] Starting unload of Config at 1695201605009
[23-09-20 14:20:05] [INFO] [DEBUG] Config has been unloaded. (took 0ms)
[23-09-20 14:20:05] [INFO] [DEBUG] unload done (took 16ms)
[23-09-20 14:20:05] [INFO] [DEBUG] Log#clearSources done (took 0ms)
[23-09-20 14:20:38] [INFO] [DEBUG] onEnable start -> 1695201638592

[23-09-20 14:20:38] [INFO] Using Economy Provider: com.earth2me.essentials.economy.vault.VaultEconomyProvider
[23-09-20 14:20:38] [INFO] [DEBUG] Starting load of Config at 1695201638626
[23-09-20 14:20:38] [INFO] [DEBUG] Config has been loaded. (took 3ms)
[23-09-20 14:20:38] [INFO] [DEBUG] Starting load of Lang at 1695201638629
[23-09-20 14:20:38] [INFO] [DEBUG] Lang has been loaded. (took 6ms)
[23-09-20 14:20:38] [INFO] [DEBUG] Starting load of UserManagerImpl at 1695201638636
[23-09-20 14:20:38] [INFO] [DEBUG] UserManagerImpl has been loaded. (took 0ms)
[23-09-20 14:20:38] [INFO] [DEBUG] Starting load of GuiListener at 1695201638636
[23-09-20 14:20:38] [INFO] [DEBUG] GuiListener has been loaded. (took 0ms)
[23-09-20 14:20:38] [INFO] [DEBUG] Starting load of KitManagerImpl at 1695201638636
[23-09-20 14:20:38] [INFO] KitManagerImpl: Loaded 0 kit(s).
[23-09-20 14:20:38] [INFO] [DEBUG] KitManagerImpl has been loaded. (took 5ms)
[23-09-20 14:20:38] [INFO] [DEBUG] Starting load of ArenaManagerImpl at 1695201638641
[23-09-20 14:20:38] [INFO] ArenaManagerImpl: Loaded 0 arena(s).
[23-09-20 14:20:38] [INFO] [DEBUG] ArenaManagerImpl has been loaded. (took 1ms)
[23-09-20 14:20:38] [INFO] [DEBUG] Starting load of SettingsManager at 1695201638642
[23-09-20 14:20:38] [INFO] [DEBUG] SettingsManager has been loaded. (took 0ms)
[23-09-20 14:20:38] [INFO] [DEBUG] Starting load of PlayerInfoManager at 1695201638642
[23-09-20 14:20:38] [WARNING] PlayerInfoManager: Lobby location was not set, using world's spawn location as default. Use the command /duels setlobby in-game to set the lobby location.
[23-09-20 14:20:38] [INFO] [DEBUG] PlayerInfoManager has been loaded. (took 0ms)
[23-09-20 14:20:38] [INFO] [DEBUG] Starting load of SpectateManagerImpl at 1695201638642
[23-09-20 14:20:38] [INFO] [DEBUG] SpectateManagerImpl has been loaded. (took 0ms)
[23-09-20 14:20:38] [INFO] [DEBUG] Starting load of BettingManager at 1695201638643
[23-09-20 14:20:38] [INFO] [DEBUG] BettingManager has been loaded. (took 0ms)
[23-09-20 14:20:38] [INFO] [DEBUG] Starting load of InventoryManager at 1695201638643
[23-09-20 14:20:38] [INFO] [DEBUG] InventoryManager has been loaded. (took 0ms)
[23-09-20 14:20:38] [INFO] [DEBUG] Starting load of DuelManager at 1695201638643
[23-09-20 14:20:38] [INFO] [DEBUG] DuelManager has been loaded. (took 0ms)
[23-09-20 14:20:38] [INFO] [DEBUG] Starting load of QueueManager at 1695201638643
[23-09-20 14:20:38] [INFO] QueueManager: Loaded 0 queue(s).
[23-09-20 14:20:38] [INFO] [DEBUG] QueueManager has been loaded. (took 0ms)
[23-09-20 14:20:38] [INFO] [DEBUG] Starting load of QueueSignManagerImpl at 1695201638643
[23-09-20 14:20:38] [INFO] QueueSignManagerImpl: Loaded 0 queue sign(s).
[23-09-20 14:20:38] [INFO] [DEBUG] QueueSignManagerImpl has been loaded. (took 1ms)
[23-09-20 14:20:38] [INFO] [DEBUG] Starting load of RequestManager at 1695201638644
[23-09-20 14:20:38] [INFO] [DEBUG] RequestManager has been loaded. (took 0ms)
[23-09-20 14:20:38] [INFO] [DEBUG] Starting load of Teleport at 1695201638644
[23-09-20 14:20:38] [INFO] [DEBUG] Teleport has been loaded. (took 0ms)
[23-09-20 14:20:38] [INFO] [DEBUG] Starting load of ExtensionManager at 1695201638644
[23-09-20 14:20:38] [INFO] [DEBUG] ExtensionManager has been loaded. (took 0ms)
[23-09-20 14:44:37] [INFO] [DEBUG] onEnable start -> 1695203077082

[23-09-20 14:44:37] [INFO] Using Economy Provider: com.earth2me.essentials.economy.vault.VaultEconomyProvider
[23-09-20 14:44:37] [INFO] [DEBUG] Starting load of Config at 1695203077118
[23-09-20 14:44:37] [INFO] [DEBUG] Config has been loaded. (took 4ms)
[23-09-20 14:44:37] [INFO] [DEBUG] Starting load of Lang at 1695203077122
[23-09-20 14:44:37] [INFO] [DEBUG] Lang has been loaded. (took 6ms)
[23-09-20 14:44:37] [INFO] [DEBUG] Starting load of UserManagerImpl at 1695203077128
[23-09-20 14:44:37] [INFO] [DEBUG] UserManagerImpl has been loaded. (took 0ms)
[23-09-20 14:44:37] [INFO] [DEBUG] Starting load of GuiListener at 1695203077128
[23-09-20 14:44:37] [INFO] [DEBUG] GuiListener has been loaded. (took 0ms)
[23-09-20 14:44:37] [INFO] [DEBUG] Starting load of KitManagerImpl at 1695203077128
[23-09-20 14:44:37] [INFO] KitManagerImpl: Loaded 0 kit(s).
[23-09-20 14:44:37] [INFO] [DEBUG] KitManagerImpl has been loaded. (took 6ms)
[23-09-20 14:44:37] [INFO] [DEBUG] Starting load of ArenaManagerImpl at 1695203077134
[23-09-20 14:44:37] [INFO] ArenaManagerImpl: Loaded 0 arena(s).
[23-09-20 14:44:37] [INFO] [DEBUG] ArenaManagerImpl has been loaded. (took 1ms)
[23-09-20 14:44:37] [INFO] [DEBUG] Starting load of SettingsManager at 1695203077135
[23-09-20 14:44:37] [INFO] [DEBUG] SettingsManager has been loaded. (took 0ms)
[23-09-20 14:44:37] [INFO] [DEBUG] Starting load of PlayerInfoManager at 1695203077135
[23-09-20 14:44:37] [WARNING] PlayerInfoManager: Lobby location was not set, using world's spawn location as default. Use the command /duels setlobby in-game to set the lobby location.
[23-09-20 14:44:37] [INFO] [DEBUG] PlayerInfoManager has been loaded. (took 0ms)
[23-09-20 14:44:37] [INFO] [DEBUG] Starting load of SpectateManagerImpl at 1695203077135
[23-09-20 14:44:37] [INFO] [DEBUG] SpectateManagerImpl has been loaded. (took 0ms)
[23-09-20 14:44:37] [INFO] [DEBUG] Starting load of BettingManager at 1695203077135
[23-09-20 14:44:37] [INFO] [DEBUG] BettingManager has been loaded. (took 0ms)
[23-09-20 14:44:37] [INFO] [DEBUG] Starting load of InventoryManager at 1695203077135
[23-09-20 14:44:37] [INFO] [DEBUG] InventoryManager has been loaded. (took 0ms)
[23-09-20 14:44:37] [INFO] [DEBUG] Starting load of DuelManager at 1695203077135
[23-09-20 14:44:37] [INFO] [DEBUG] DuelManager has been loaded. (took 0ms)
[23-09-20 14:44:37] [INFO] [DEBUG] Starting load of QueueManager at 1695203077135
[23-09-20 14:44:37] [INFO] QueueManager: Loaded 0 queue(s).
[23-09-20 14:44:37] [INFO] [DEBUG] QueueManager has been loaded. (took 1ms)
[23-09-20 14:44:37] [INFO] [DEBUG] Starting load of QueueSignManagerImpl at 1695203077136
[23-09-20 14:44:37] [INFO] QueueSignManagerImpl: Loaded 0 queue sign(s).
[23-09-20 14:44:37] [INFO] [DEBUG] QueueSignManagerImpl has been loaded. (took 0ms)
[23-09-20 14:44:37] [INFO] [DEBUG] Starting load of RequestManager at 1695203077136
[23-09-20 14:44:37] [INFO] [DEBUG] RequestManager has been loaded. (took 0ms)
[23-09-20 14:44:37] [INFO] [DEBUG] Starting load of Teleport at 1695203077136
[23-09-20 14:44:37] [INFO] [DEBUG] Teleport has been loaded. (took 0ms)
[23-09-20 14:44:37] [INFO] [DEBUG] Starting load of ExtensionManager at 1695203077136
[23-09-20 14:44:37] [INFO] [DEBUG] ExtensionManager has been loaded. (took 1ms)
[23-09-20 14:53:32] [INFO] [DEBUG] onEnable start -> 1695203612637

[23-09-20 14:53:32] [INFO] Using Economy Provider: com.earth2me.essentials.economy.vault.VaultEconomyProvider
[23-09-20 14:53:32] [INFO] [DEBUG] Starting load of Config at 1695203612712
[23-09-20 14:53:32] [INFO] [DEBUG] Config has been loaded. (took 3ms)
[23-09-20 14:53:32] [INFO] [DEBUG] Starting load of Lang at 1695203612715
[23-09-20 14:53:32] [INFO] [DEBUG] Lang has been loaded. (took 6ms)
[23-09-20 14:53:32] [INFO] [DEBUG] Starting load of UserManagerImpl at 1695203612721
[23-09-20 14:53:32] [INFO] [DEBUG] UserManagerImpl has been loaded. (took 1ms)
[23-09-20 14:53:32] [INFO] [DEBUG] Starting load of GuiListener at 1695203612722
[23-09-20 14:53:32] [INFO] [DEBUG] GuiListener has been loaded. (took 0ms)
[23-09-20 14:53:32] [INFO] [DEBUG] Starting load of KitManagerImpl at 1695203612722
[23-09-20 14:53:32] [INFO] KitManagerImpl: Loaded 0 kit(s).
[23-09-20 14:53:32] [INFO] [DEBUG] KitManagerImpl has been loaded. (took 5ms)
[23-09-20 14:53:32] [INFO] [DEBUG] Starting load of ArenaManagerImpl at 1695203612727
[23-09-20 14:53:32] [INFO] ArenaManagerImpl: Loaded 0 arena(s).
[23-09-20 14:53:32] [INFO] [DEBUG] ArenaManagerImpl has been loaded. (took 1ms)
[23-09-20 14:53:32] [INFO] [DEBUG] Starting load of SettingsManager at 1695203612728
[23-09-20 14:53:32] [INFO] [DEBUG] SettingsManager has been loaded. (took 0ms)
[23-09-20 14:53:32] [INFO] [DEBUG] Starting load of PlayerInfoManager at 1695203612728
[23-09-20 14:53:32] [WARNING] PlayerInfoManager: Lobby location was not set, using world's spawn location as default. Use the command /duels setlobby in-game to set the lobby location.
[23-09-20 14:53:32] [INFO] [DEBUG] PlayerInfoManager has been loaded. (took 1ms)
[23-09-20 14:53:32] [INFO] [DEBUG] Starting load of SpectateManagerImpl at 1695203612729
[23-09-20 14:53:32] [INFO] [DEBUG] SpectateManagerImpl has been loaded. (took 0ms)
[23-09-20 14:53:32] [INFO] [DEBUG] Starting load of BettingManager at 1695203612729
[23-09-20 14:53:32] [INFO] [DEBUG] BettingManager has been loaded. (took 0ms)
[23-09-20 14:53:32] [INFO] [DEBUG] Starting load of InventoryManager at 1695203612729
[23-09-20 14:53:32] [INFO] [DEBUG] InventoryManager has been loaded. (took 0ms)
[23-09-20 14:53:32] [INFO] [DEBUG] Starting load of DuelManager at 1695203612729
[23-09-20 14:53:32] [INFO] [DEBUG] DuelManager has been loaded. (took 0ms)
[23-09-20 14:53:32] [INFO] [DEBUG] Starting load of QueueManager at 1695203612729
[23-09-20 14:53:32] [INFO] QueueManager: Loaded 0 queue(s).
[23-09-20 14:53:32] [INFO] [DEBUG] QueueManager has been loaded. (took 0ms)
[23-09-20 14:53:32] [INFO] [DEBUG] Starting load of QueueSignManagerImpl at 1695203612729
[23-09-20 14:53:32] [INFO] QueueSignManagerImpl: Loaded 0 queue sign(s).
[23-09-20 14:53:32] [INFO] [DEBUG] QueueSignManagerImpl has been loaded. (took 1ms)
[23-09-20 14:53:32] [INFO] [DEBUG] Starting load of RequestManager at 1695203612730
[23-09-20 14:53:32] [INFO] [DEBUG] RequestManager has been loaded. (took 0ms)
[23-09-20 14:53:32] [INFO] [DEBUG] Starting load of Teleport at 1695203612730
[23-09-20 14:53:32] [INFO] [DEBUG] Teleport has been loaded. (took 0ms)
[23-09-20 14:53:32] [INFO] [DEBUG] Starting load of ExtensionManager at 1695203612730
[23-09-20 14:53:32] [INFO] [DEBUG] ExtensionManager has been loaded. (took 0ms)
[23-09-20 14:53:41] [INFO] No updates were available. You are on the latest version!
[23-09-20 15:00:04] [INFO] [DEBUG] onEnable start -> 1695204004451

[23-09-20 15:00:04] [INFO] Using Economy Provider: com.earth2me.essentials.economy.vault.VaultEconomyProvider
[23-09-20 15:00:04] [INFO] [DEBUG] Starting load of Config at 1695204004485
[23-09-20 15:00:04] [INFO] [DEBUG] Config has been loaded. (took 3ms)
[23-09-20 15:00:04] [INFO] [DEBUG] Starting load of Lang at 1695204004489
[23-09-20 15:00:04] [INFO] [DEBUG] Lang has been loaded. (took 5ms)
[23-09-20 15:00:04] [INFO] [DEBUG] Starting load of UserManagerImpl at 1695204004494
[23-09-20 15:00:04] [INFO] [DEBUG] UserManagerImpl has been loaded. (took 0ms)
[23-09-20 15:00:04] [INFO] [DEBUG] Starting load of GuiListener at 1695204004494
[23-09-20 15:00:04] [INFO] [DEBUG] GuiListener has been loaded. (took 0ms)
[23-09-20 15:00:04] [INFO] [DEBUG] Starting load of KitManagerImpl at 1695204004494
[23-09-20 15:00:04] [INFO] KitManagerImpl: Loaded 0 kit(s).
[23-09-20 15:00:04] [INFO] [DEBUG] KitManagerImpl has been loaded. (took 6ms)
[23-09-20 15:00:04] [INFO] [DEBUG] Starting load of ArenaManagerImpl at 1695204004500
[23-09-20 15:00:04] [INFO] ArenaManagerImpl: Loaded 0 arena(s).
[23-09-20 15:00:04] [INFO] [DEBUG] ArenaManagerImpl has been loaded. (took 0ms)
[23-09-20 15:00:04] [INFO] [DEBUG] Starting load of SettingsManager at 1695204004500
[23-09-20 15:00:04] [INFO] [DEBUG] SettingsManager has been loaded. (took 0ms)
[23-09-20 15:00:04] [INFO] [DEBUG] Starting load of PlayerInfoManager at 1695204004500
[23-09-20 15:00:04] [WARNING] PlayerInfoManager: Lobby location was not set, using world's spawn location as default. Use the command /duels setlobby in-game to set the lobby location.
[23-09-20 15:00:04] [INFO] [DEBUG] PlayerInfoManager has been loaded. (took 1ms)
[23-09-20 15:00:04] [INFO] [DEBUG] Starting load of SpectateManagerImpl at 1695204004501
[23-09-20 15:00:04] [INFO] [DEBUG] SpectateManagerImpl has been loaded. (took 0ms)
[23-09-20 15:00:04] [INFO] [DEBUG] Starting load of BettingManager at 1695204004501
[23-09-20 15:00:04] [INFO] [DEBUG] BettingManager has been loaded. (took 0ms)
[23-09-20 15:00:04] [INFO] [DEBUG] Starting load of InventoryManager at 1695204004501
[23-09-20 15:00:04] [INFO] [DEBUG] InventoryManager has been loaded. (took 0ms)
[23-09-20 15:00:04] [INFO] [DEBUG] Starting load of DuelManager at 1695204004501
[23-09-20 15:00:04] [INFO] [DEBUG] DuelManager has been loaded. (took 0ms)
[23-09-20 15:00:04] [INFO] [DEBUG] Starting load of QueueManager at 1695204004501
[23-09-20 15:00:04] [INFO] QueueManager: Loaded 0 queue(s).
[23-09-20 15:00:04] [INFO] [DEBUG] QueueManager has been loaded. (took 0ms)
[23-09-20 15:00:04] [INFO] [DEBUG] Starting load of QueueSignManagerImpl at 1695204004501
[23-09-20 15:00:04] [INFO] QueueSignManagerImpl: Loaded 0 queue sign(s).
[23-09-20 15:00:04] [INFO] [DEBUG] QueueSignManagerImpl has been loaded. (took 1ms)
[23-09-20 15:00:04] [INFO] [DEBUG] Starting load of RequestManager at 1695204004502
[23-09-20 15:00:04] [INFO] [DEBUG] RequestManager has been loaded. (took 0ms)
[23-09-20 15:00:04] [INFO] [DEBUG] Starting load of Teleport at 1695204004502
[23-09-20 15:00:04] [INFO] [DEBUG] Teleport has been loaded. (took 0ms)
[23-09-20 15:00:04] [INFO] [DEBUG] Starting load of ExtensionManager at 1695204004502
[23-09-20 15:00:04] [INFO] [DEBUG] ExtensionManager has been loaded. (took 0ms)
[23-09-20 15:00:12] [INFO] No updates were available. You are on the latest version!
